<?xml version="1.0" encoding="UTF-8"?>
<!-- Generated by org.testng.reporters.JUnitXMLReporter -->
<testsuite hostname="DELL-PC" name="Testff" tests="5" failures="0" timestamp="2 Oct 2016 06:25:14 GMT" time="74.493" errors="0">
  <testcase name="@BeforeMethod launch_App" time="0.0" classname="testScript.Scenario_Search">
    <failure type="org.openqa.selenium.WebDriverException" message="Failed to connect to binary FirefoxBinary(C:\Program Files\Mozilla Firefox\firefox.exe) on port 7055; process output follows: 

Build info: version: &amp;apos;2.53.1&amp;apos;, revision: &amp;apos;a36b8b1cd5757287168e54b817830adce9b0158d&amp;apos;, time: &amp;apos;2016-06-30 19:26:09&amp;apos;
System info: host: &amp;apos;DELL-PC&amp;apos;, ip: &amp;apos;192.168.0.3&amp;apos;, os.name: &amp;apos;Windows 7&amp;apos;, os.arch: &amp;apos;x86&amp;apos;, os.version: &amp;apos;6.1&amp;apos;, java.version: &amp;apos;1.8.0_101&amp;apos;
Driver info: driver.version: FirefoxDriver">
      <![CDATA[org.openqa.selenium.WebDriverException: Failed to connect to binary FirefoxBinary(C:\Program Files\Mozilla Firefox\firefox.exe) on port 7055; process output follows: 

Build info: version: '2.53.1', revision: 'a36b8b1cd5757287168e54b817830adce9b0158d', time: '2016-06-30 19:26:09'
System info: host: 'DELL-PC', ip: '192.168.0.3', os.name: 'Windows 7', os.arch: 'x86', os.version: '6.1', java.version: '1.8.0_101'
Driver info: driver.version: FirefoxDriver
	at org.openqa.selenium.firefox.internal.NewProfileExtensionConnection.start(NewProfileExtensionConnection.java:125)
	at org.openqa.selenium.firefox.FirefoxDriver.startClient(FirefoxDriver.java:271)
	at org.openqa.selenium.remote.RemoteWebDriver.<init>(RemoteWebDriver.java:119)
	at org.openqa.selenium.firefox.FirefoxDriver.<init>(FirefoxDriver.java:216)
	at org.openqa.selenium.firefox.FirefoxDriver.<init>(FirefoxDriver.java:211)
	at org.openqa.selenium.firefox.FirefoxDriver.<init>(FirefoxDriver.java:207)
	at org.openqa.selenium.firefox.FirefoxDriver.<init>(FirefoxDriver.java:120)
	at genericLibrary.Base.launch_App(Base.java:65)
	at java.util.concurrent.FutureTask.run(FutureTask.java:266)
	at java.util.concurrent.ThreadPoolExecutor.runWorker(ThreadPoolExecutor.java:1142)
	at java.util.concurrent.ThreadPoolExecutor$Worker.run(ThreadPoolExecutor.java:617)
	at java.lang.Thread.run(Thread.java:745)
Caused by: org.openqa.selenium.firefox.NotConnectedException: Unable to connect to host 127.0.0.1 on port 7055 after 45000 ms. Firefox console output:

	at org.openqa.selenium.firefox.internal.NewProfileExtensionConnection.start(NewProfileExtensionConnection.java:113)
	... 29 more
... Removed 18 stack frames]]>
    </failure>
  </testcase> <!-- @BeforeMethod launch_App -->
  <testcase name="@AfterMethod teardown" time="0.0" classname="testScript.Scenario_Search">
    <skipped/>
  </testcase> <!-- @AfterMethod teardown -->
  <testcase name="@BeforeMethod launch_App" time="0.0" classname="testScript.Scenario_Search">
    <skipped/>
  </testcase> <!-- @BeforeMethod launch_App -->
  <testcase name="@AfterMethod teardown" time="0.0" classname="testScript.Scenario_Search">
    <skipped/>
  </testcase> <!-- @AfterMethod teardown -->
  <testcase name="@BeforeMethod launch_App" time="0.0" classname="testScript.Scenario_Cart">
    <skipped/>
  </testcase> <!-- @BeforeMethod launch_App -->
  <testcase name="@AfterMethod teardown" time="0.0" classname="testScript.Scenario_Cart">
    <skipped/>
  </testcase> <!-- @AfterMethod teardown -->
  <testcase name="InvalidSearch" time="3.499" classname="testScript.Scenario_Search"/>
  <testcase name="ValidSearch" time="5.204" classname="testScript.Scenario_Search"/>
  <testcase name="ValidSearch" time="0.0" classname="testScript.Scenario_Search">
    <skipped/>
  </testcase> <!-- ValidSearch -->
  <testcase name="ValidSearch" time="0.001" classname="testScript.Scenario_Search">
    <skipped/>
  </testcase> <!-- ValidSearch -->
  <testcase name="Add_to_cart" time="0.0" classname="testScript.Scenario_Cart">
    <skipped/>
  </testcase> <!-- Add_to_cart -->
</testsuite> <!-- Testff -->
