<!DOCTYPE html PUBLIC "-//W3C//DTD XHTML 1.1//EN" "http://www.w3.org/TR/xhtml11/DTD/xhtml11.dtd">
<html xmlns="http://www.w3.org/1999/xhtml"><head><title>TestNG Report</title><style type="text/css">table {margin-bottom:10px;border-collapse:collapse;empty-cells:show}th,td {border:1px solid #009;padding:.25em .5em}th {vertical-align:bottom}td {vertical-align:top}table a {font-weight:bold}.stripe td {background-color: #E6EBF9}.num {text-align:right}.passedodd td {background-color: #3F3}.passedeven td {background-color: #0A0}.skippedodd td {background-color: #DDD}.skippedeven td {background-color: #CCC}.failedodd td,.attn {background-color: #F33}.failedeven td,.stripe .attn {background-color: #D00}.stacktrace {white-space:pre;font-family:monospace}.totop {font-size:85%;text-align:center;border-bottom:2px solid #000}</style></head><body><table><tr><th>Test</th><th># Passed</th><th># Skipped</th><th># Failed</th><th>Time (ms)</th><th>Included Groups</th><th>Excluded Groups</th></tr><tr><th colspan="7">Suite</th></tr><tr><td><a href="#t0">Testie</a></td><td class="num">3</td><td class="num">0</td><td class="num attn">2</td><td class="num">41,381</td><td></td><td></td></tr><tr class="stripe"><td><a href="#t1">Testff</a></td><td class="num">2</td><td class="num attn">3</td><td class="num">0</td><td class="num">74,493</td><td></td><td></td></tr><tr><td><a href="#t2">Testch</a></td><td class="num">5</td><td class="num">0</td><td class="num">0</td><td class="num">33,248</td><td></td><td></td></tr><tr><th>Total</th><th class="num">10</th><th class="num attn">3</th><th class="num attn">2</th><th class="num">149,122</th><th colspan="2"></th></tr></table><table><thead><tr><th>Class</th><th>Method</th><th>Start</th><th>Time (ms)</th></tr></thead><tbody><tr><th colspan="4">Suite</th></tr></tbody><tbody id="t0"><tr><th colspan="4">Testie &#8212; failed (configuration methods)</th></tr><tr class="failedeven"><td rowspan="1">testScript.Scenario_Cart</td><td><a href="#m0">teardown</a></td><td rowspan="1">1475389479853</td><td rowspan="1">0</td></tr><tr><th colspan="4">Testie &#8212; failed</th></tr><tr class="failedeven"><td rowspan="1">testScript.Scenario_Cart</td><td><a href="#m1">Add_to_cart</a></td><td rowspan="1">1475389470788</td><td rowspan="1">9060</td></tr><tr class="failedodd"><td rowspan="1">testScript.Scenario_Search</td><td><a href="#m2">ValidSearch</a></td><td rowspan="1">1475389465825</td><td rowspan="1">1716</td></tr><tr><th colspan="4">Testie &#8212; passed</th></tr><tr class="passedeven"><td rowspan="3">testScript.Scenario_Search</td><td><a href="#m3">InvalidSearch</a></td><td rowspan="1">1475389445296</td><td rowspan="1">2381</td></tr><tr class="passedeven"><td><a href="#m4">ValidSearch</a></td><td rowspan="2">1475389451316</td><td rowspan="2">3783</td></tr><tr class="passedeven"><td><a href="#m5">ValidSearch</a></td></tr></tbody><tbody id="t1"><tr><th colspan="4">Testff &#8212; failed (configuration methods)</th></tr><tr class="failedeven"><td rowspan="1">testScript.Scenario_Search</td><td><a href="#m6">launch_App</a></td><td rowspan="1">1475389468077</td><td rowspan="1">0</td></tr><tr><th colspan="4">Testff &#8212; skipped (configuration methods)</th></tr><tr class="skippedeven"><td rowspan="2">testScript.Scenario_Cart</td><td><a href="#m7">launch_App</a></td><td rowspan="1">1475389514985</td><td rowspan="1">0</td></tr><tr class="skippedeven"><td><a href="#m8">teardown</a></td><td rowspan="1">1475389514987</td><td rowspan="1">0</td></tr><tr class="skippedodd"><td rowspan="3">testScript.Scenario_Search</td><td><a href="#m9">launch_App</a></td><td rowspan="1">1475389514955</td><td rowspan="1">0</td></tr><tr class="skippedodd"><td><a href="#m10">teardown</a></td><td rowspan="2">1475389514956</td><td rowspan="2">0</td></tr><tr class="skippedodd"><td><a href="#m11">teardown</a></td></tr><tr><th colspan="4">Testff &#8212; skipped</th></tr><tr class="skippedeven"><td rowspan="1">testScript.Scenario_Cart</td><td><a href="#m12">Add_to_cart</a></td><td rowspan="1">1475389514986</td><td rowspan="1">0</td></tr><tr class="skippedodd"><td rowspan="2">testScript.Scenario_Search</td><td><a href="#m13">ValidSearch</a></td><td rowspan="2">1475389514955</td><td rowspan="2">1</td></tr><tr class="skippedodd"><td><a href="#m14">ValidSearch</a></td></tr><tr><th colspan="4">Testff &#8212; passed</th></tr><tr class="passedeven"><td rowspan="2">testScript.Scenario_Search</td><td><a href="#m15">InvalidSearch</a></td><td rowspan="1">1475389449784</td><td rowspan="1">3499</td></tr><tr class="passedeven"><td><a href="#m16">ValidSearch</a></td><td rowspan="1">1475389462828</td><td rowspan="1">5204</td></tr></tbody><tbody id="t2"><tr><th colspan="4">Testch &#8212; passed</th></tr><tr class="passedeven"><td rowspan="1">testScript.Scenario_Cart</td><td><a href="#m17">Add_to_cart</a></td><td rowspan="1">1475389510951</td><td rowspan="1">4120</td></tr><tr class="passedodd"><td rowspan="4">testScript.Scenario_Search</td><td><a href="#m18">InvalidSearch</a></td><td rowspan="1">1475389486837</td><td rowspan="1">1685</td></tr><tr class="passedodd"><td><a href="#m19">ValidSearch</a></td><td rowspan="3">1475389505337</td><td rowspan="3">1316</td></tr><tr class="passedodd"><td><a href="#m20">ValidSearch</a></td></tr><tr class="passedodd"><td><a href="#m21">ValidSearch</a></td></tr></tbody></table><h2>Testie</h2><h3 id="m0">testScript.Scenario_Cart#teardown</h3><table class="result"><tr><th>Exception</th></tr><tr><td><div class="stacktrace">org.openqa.selenium.remote.UnreachableBrowserException: Error communicating with the remote browser. It may have died.
Build info: version: &apos;2.53.1&apos;, revision: &apos;a36b8b1cd5757287168e54b817830adce9b0158d&apos;, time: &apos;2016-06-30 19:26:09&apos;
System info: host: &apos;DELL-PC&apos;, ip: &apos;192.168.0.3&apos;, os.name: &apos;Windows 7&apos;, os.arch: &apos;x86&apos;, os.version: &apos;6.1&apos;, java.version: &apos;1.8.0_101&apos;
Driver info: driver.version: RemoteWebDriver
Capabilities [{browserAttachTimeout=0, ie.enableFullPageScreenshot=true, enablePersistentHover=true, ie.forceCreateProcessApi=false, ie.forceShellWindowsApi=false, pageLoadStrategy=normal, ignoreZoomSetting=false, ie.fileUploadDialogTimeout=3000, version=10, platform=WINDOWS, nativeEvents=true, ie.ensureCleanSession=false, elementScrollBehavior=0, ie.browserCommandLineSwitches=, requireWindowFocus=false, browserName=internet explorer, initialBrowserUrl=http://localhost:22791/, javascriptEnabled=true, ignoreProtectedModeSettings=false, enableElementCacheCleanup=true, unexpectedAlertBehaviour=dismiss}]
Session ID: f6c6912c-95b3-423c-ad73-c9f9676cf603
	at org.openqa.selenium.remote.RemoteWebDriver.execute(RemoteWebDriver.java:665)
	at org.openqa.selenium.remote.RemoteWebDriver.execute(RemoteWebDriver.java:701)
	at org.openqa.selenium.remote.RemoteWebDriver.close(RemoteWebDriver.java:521)
	at genericLibrary.Base.teardown(Base.java:85)
	at java.util.concurrent.FutureTask.run(FutureTask.java:266)
	at java.util.concurrent.ThreadPoolExecutor.runWorker(ThreadPoolExecutor.java:1142)
	at java.util.concurrent.ThreadPoolExecutor$Worker.run(ThreadPoolExecutor.java:617)
	at java.lang.Thread.run(Thread.java:745)
Caused by: org.openqa.selenium.WebDriverException: org.apache.http.conn.HttpHostConnectException: Connect to localhost:22791 [localhost/127.0.0.1, localhost/0:0:0:0:0:0:0:1] failed: Connection refused: connect
Build info: version: &apos;2.53.1&apos;, revision: &apos;a36b8b1cd5757287168e54b817830adce9b0158d&apos;, time: &apos;2016-06-30 19:26:09&apos;
System info: host: &apos;DELL-PC&apos;, ip: &apos;192.168.0.3&apos;, os.name: &apos;Windows 7&apos;, os.arch: &apos;x86&apos;, os.version: &apos;6.1&apos;, java.version: &apos;1.8.0_101&apos;
Driver info: driver.version: RemoteWebDriver
	at org.openqa.selenium.remote.service.DriverCommandExecutor.execute(DriverCommandExecutor.java:91)
	at org.openqa.selenium.remote.RemoteWebDriver.execute(RemoteWebDriver.java:644)
	... 25 more
Caused by: org.apache.http.conn.HttpHostConnectException: Connect to localhost:22791 [localhost/127.0.0.1, localhost/0:0:0:0:0:0:0:1] failed: Connection refused: connect
	at org.apache.http.impl.conn.DefaultHttpClientConnectionOperator.connect(DefaultHttpClientConnectionOperator.java:151)
	at org.apache.http.impl.conn.PoolingHttpClientConnectionManager.connect(PoolingHttpClientConnectionManager.java:353)
	at org.apache.http.impl.execchain.MainClientExec.establishRoute(MainClientExec.java:380)
	at org.apache.http.impl.execchain.MainClientExec.execute(MainClientExec.java:236)
	at org.apache.http.impl.execchain.ProtocolExec.execute(ProtocolExec.java:184)
	at org.apache.http.impl.execchain.RetryExec.execute(RetryExec.java:88)
	at org.apache.http.impl.execchain.RedirectExec.execute(RedirectExec.java:110)
	at org.apache.http.impl.client.InternalHttpClient.doExecute(InternalHttpClient.java:184)
	at org.apache.http.impl.client.CloseableHttpClient.execute(CloseableHttpClient.java:71)
	at org.apache.http.impl.client.CloseableHttpClient.execute(CloseableHttpClient.java:55)
	at org.openqa.selenium.remote.internal.ApacheHttpClient.fallBackExecute(ApacheHttpClient.java:144)
	at org.openqa.selenium.remote.internal.ApacheHttpClient.execute(ApacheHttpClient.java:90)
	at org.openqa.selenium.remote.HttpCommandExecutor.execute(HttpCommandExecutor.java:142)
	at org.openqa.selenium.remote.service.DriverCommandExecutor.execute(DriverCommandExecutor.java:82)
	... 26 more
Caused by: java.net.ConnectException: Connection refused: connect
	at java.net.DualStackPlainSocketImpl.waitForConnect(Native Method)
	at java.net.DualStackPlainSocketImpl.socketConnect(DualStackPlainSocketImpl.java:85)
	at java.net.AbstractPlainSocketImpl.doConnect(AbstractPlainSocketImpl.java:350)
	at java.net.AbstractPlainSocketImpl.connectToAddress(AbstractPlainSocketImpl.java:206)
	at java.net.AbstractPlainSocketImpl.connect(AbstractPlainSocketImpl.java:188)
	at java.net.PlainSocketImpl.connect(PlainSocketImpl.java:172)
	at java.net.SocksSocketImpl.connect(SocksSocketImpl.java:392)
	at java.net.Socket.connect(Socket.java:589)
	at org.apache.http.conn.socket.PlainConnectionSocketFactory.connectSocket(PlainConnectionSocketFactory.java:74)
	at org.apache.http.impl.conn.DefaultHttpClientConnectionOperator.connect(DefaultHttpClientConnectionOperator.java:134)
	... 39 more
... Removed 18 stack frames</div></td></tr></table><p class="totop"><a href="#summary">back to summary</a></p><h3 id="m1">testScript.Scenario_Cart#Add_to_cart</h3><table class="result"><tr class="param"><th>Parameter #1</th></tr><tr class="param stripe"><td>{Searchtext=flood and fire, Execute=Y, Script_id=Addtocart, TCID=TC_11, order=1.0}</td></tr><tr><th>Exception</th></tr><tr><td><div class="stacktrace">org.openqa.selenium.remote.UnreachableBrowserException: Error communicating with the remote browser. It may have died.
Build info: version: &apos;2.53.1&apos;, revision: &apos;a36b8b1cd5757287168e54b817830adce9b0158d&apos;, time: &apos;2016-06-30 19:26:09&apos;
System info: host: &apos;DELL-PC&apos;, ip: &apos;192.168.0.3&apos;, os.name: &apos;Windows 7&apos;, os.arch: &apos;x86&apos;, os.version: &apos;6.1&apos;, java.version: &apos;1.8.0_101&apos;
Driver info: driver.version: RemoteWebDriver
Capabilities [{browserAttachTimeout=0, ie.enableFullPageScreenshot=true, enablePersistentHover=true, ie.forceCreateProcessApi=false, ie.forceShellWindowsApi=false, pageLoadStrategy=normal, ignoreZoomSetting=false, ie.fileUploadDialogTimeout=3000, version=10, platform=WINDOWS, nativeEvents=true, ie.ensureCleanSession=false, elementScrollBehavior=0, ie.browserCommandLineSwitches=, requireWindowFocus=false, browserName=internet explorer, initialBrowserUrl=http://localhost:22791/, javascriptEnabled=true, ignoreProtectedModeSettings=false, enableElementCacheCleanup=true, unexpectedAlertBehaviour=dismiss}]
Session ID: f6c6912c-95b3-423c-ad73-c9f9676cf603
	at org.openqa.selenium.remote.RemoteWebDriver.execute(RemoteWebDriver.java:665)
	at org.openqa.selenium.remote.RemoteWebElement.execute(RemoteWebElement.java:327)
	at org.openqa.selenium.remote.RemoteWebElement.click(RemoteWebElement.java:85)
	at org.openqa.selenium.support.pagefactory.internal.LocatingElementHandler.invoke(LocatingElementHandler.java:51)
	at com.sun.proxy.$Proxy10.click(Unknown Source)
	at pageFactory.pf_Homepage.click_image(pf_Homepage.java:72)
	at testScript.Scenario_Cart.Add_to_cart(Scenario_Cart.java:38)
	at java.util.concurrent.FutureTask.run(FutureTask.java:266)
	at java.util.concurrent.ThreadPoolExecutor.runWorker(ThreadPoolExecutor.java:1142)
	at java.util.concurrent.ThreadPoolExecutor$Worker.run(ThreadPoolExecutor.java:617)
	at java.lang.Thread.run(Thread.java:745)
Caused by: org.openqa.selenium.WebDriverException: java.net.SocketException: Connection reset
Build info: version: &apos;2.53.1&apos;, revision: &apos;a36b8b1cd5757287168e54b817830adce9b0158d&apos;, time: &apos;2016-06-30 19:26:09&apos;
System info: host: &apos;DELL-PC&apos;, ip: &apos;192.168.0.3&apos;, os.name: &apos;Windows 7&apos;, os.arch: &apos;x86&apos;, os.version: &apos;6.1&apos;, java.version: &apos;1.8.0_101&apos;
Driver info: driver.version: RemoteWebDriver
	at org.openqa.selenium.remote.service.DriverCommandExecutor.execute(DriverCommandExecutor.java:91)
	at org.openqa.selenium.remote.RemoteWebDriver.execute(RemoteWebDriver.java:644)
	... 30 more
Caused by: java.net.SocketException: Connection reset
	at java.net.SocketInputStream.read(SocketInputStream.java:209)
	at java.net.SocketInputStream.read(SocketInputStream.java:141)
	at org.apache.http.impl.io.SessionInputBufferImpl.streamRead(SessionInputBufferImpl.java:139)
	at org.apache.http.impl.io.SessionInputBufferImpl.fillBuffer(SessionInputBufferImpl.java:155)
	at org.apache.http.impl.io.SessionInputBufferImpl.readLine(SessionInputBufferImpl.java:284)
	at org.apache.http.impl.conn.DefaultHttpResponseParser.parseHead(DefaultHttpResponseParser.java:140)
	at org.apache.http.impl.conn.DefaultHttpResponseParser.parseHead(DefaultHttpResponseParser.java:57)
	at org.apache.http.impl.io.AbstractMessageParser.parse(AbstractMessageParser.java:261)
	at org.apache.http.impl.DefaultBHttpClientConnection.receiveResponseHeader(DefaultBHttpClientConnection.java:165)
	at org.apache.http.impl.conn.CPoolProxy.receiveResponseHeader(CPoolProxy.java:167)
	at org.apache.http.protocol.HttpRequestExecutor.doReceiveResponse(HttpRequestExecutor.java:272)
	at org.apache.http.protocol.HttpRequestExecutor.execute(HttpRequestExecutor.java:124)
	at org.apache.http.impl.execchain.MainClientExec.execute(MainClientExec.java:271)
	at org.apache.http.impl.execchain.ProtocolExec.execute(ProtocolExec.java:184)
	at org.apache.http.impl.execchain.RetryExec.execute(RetryExec.java:88)
	at org.apache.http.impl.execchain.RedirectExec.execute(RedirectExec.java:110)
	at org.apache.http.impl.client.InternalHttpClient.doExecute(InternalHttpClient.java:184)
	at org.apache.http.impl.client.CloseableHttpClient.execute(CloseableHttpClient.java:71)
	at org.apache.http.impl.client.CloseableHttpClient.execute(CloseableHttpClient.java:55)
	at org.openqa.selenium.remote.internal.ApacheHttpClient.fallBackExecute(ApacheHttpClient.java:144)
	at org.openqa.selenium.remote.internal.ApacheHttpClient.execute(ApacheHttpClient.java:90)
	at org.openqa.selenium.remote.HttpCommandExecutor.execute(HttpCommandExecutor.java:142)
	at org.openqa.selenium.remote.service.DriverCommandExecutor.execute(DriverCommandExecutor.java:82)
	... 31 more
... Removed 20 stack frames</div></td></tr></table><p class="totop"><a href="#summary">back to summary</a></p><h3 id="m2">testScript.Scenario_Search#ValidSearch</h3><table class="result"><tr class="param"><th>Parameter #1</th></tr><tr class="param stripe"><td>{Searchtext=Jaico, Execute=Y, Script_id=Valid_Search, expected=10.0, TCID=TC_11, order=1.0}</td></tr><tr><th>Exception</th></tr><tr><td><div class="stacktrace">org.openqa.selenium.StaleElementReferenceException: Element is no longer valid (WARNING: The server did not provide any stacktrace information)
Command duration or timeout: 23 milliseconds
For documentation on this error, please visit: http://seleniumhq.org/exceptions/stale_element_reference.html
Build info: version: &apos;2.53.1&apos;, revision: &apos;a36b8b1cd5757287168e54b817830adce9b0158d&apos;, time: &apos;2016-06-30 19:26:09&apos;
System info: host: &apos;DELL-PC&apos;, ip: &apos;192.168.0.3&apos;, os.name: &apos;Windows 7&apos;, os.arch: &apos;x86&apos;, os.version: &apos;6.1&apos;, java.version: &apos;1.8.0_101&apos;
Driver info: org.openqa.selenium.ie.InternetExplorerDriver
Capabilities [{browserAttachTimeout=0, ie.enableFullPageScreenshot=true, enablePersistentHover=true, ie.forceCreateProcessApi=false, ie.forceShellWindowsApi=false, pageLoadStrategy=normal, ignoreZoomSetting=false, ie.fileUploadDialogTimeout=3000, version=10, platform=WINDOWS, nativeEvents=true, ie.ensureCleanSession=false, elementScrollBehavior=0, ie.browserCommandLineSwitches=, requireWindowFocus=false, browserName=internet explorer, initialBrowserUrl=http://localhost:33784/, javascriptEnabled=true, ignoreProtectedModeSettings=false, enableElementCacheCleanup=true, unexpectedAlertBehaviour=dismiss}]
Session ID: 16dbaf23-b65a-4c08-83cd-a3fb4d55188d
	at org.openqa.selenium.remote.ErrorHandler.createThrowable(ErrorHandler.java:206)
	at org.openqa.selenium.remote.ErrorHandler.throwIfResponseFailed(ErrorHandler.java:158)
	at org.openqa.selenium.remote.RemoteWebDriver.execute(RemoteWebDriver.java:678)
	at org.openqa.selenium.remote.RemoteWebElement.execute(RemoteWebElement.java:327)
	at org.openqa.selenium.remote.RemoteWebElement.isDisplayed(RemoteWebElement.java:368)
	at org.openqa.selenium.support.pagefactory.internal.LocatingElementHandler.invoke(LocatingElementHandler.java:51)
	at com.sun.proxy.$Proxy10.isDisplayed(Unknown Source)
	at org.openqa.selenium.support.ui.ExpectedConditions.elementIfVisible(ExpectedConditions.java:302)
	at org.openqa.selenium.support.ui.ExpectedConditions.access$100(ExpectedConditions.java:41)
	at org.openqa.selenium.support.ui.ExpectedConditions$10.apply(ExpectedConditions.java:288)
	at org.openqa.selenium.support.ui.ExpectedConditions$10.apply(ExpectedConditions.java:285)
	at org.openqa.selenium.support.ui.FluentWait.until(FluentWait.java:238)
	at genericLibrary.Base.wait(Base.java:95)
	at testScript.Scenario_Search.ValidSearch(Scenario_Search.java:71)
	at java.util.concurrent.FutureTask.run(FutureTask.java:266)
	at java.util.concurrent.ThreadPoolExecutor.runWorker(ThreadPoolExecutor.java:1142)
	at java.util.concurrent.ThreadPoolExecutor$Worker.run(ThreadPoolExecutor.java:617)
	at java.lang.Thread.run(Thread.java:745)
... Removed 24 stack frames</div></td></tr></table><p class="totop"><a href="#summary">back to summary</a></p><h3 id="m3">testScript.Scenario_Search#InvalidSearch</h3><table class="result"><tr class="param"><th>Parameter #1</th></tr><tr class="param stripe"><td>{Searchtext=sdkjf, Execute=Y, Script_id=Invalid_Search, expected=Sorry..&apos;sdkjf&apos; does not match any product on Rediff Books., TCID=TC_08, order=1.0}</td></tr></table><p class="totop"><a href="#summary">back to summary</a></p><h3 id="m4">testScript.Scenario_Search#ValidSearch</h3><table class="result"><tr class="param"><th>Parameter #1</th></tr><tr class="param stripe"><td>{Searchtext=ways, Execute=Y, Script_id=Valid_Search, expected=456.0, TCID=TC_09, order=1.0}</td></tr></table><p class="totop"><a href="#summary">back to summary</a></p><h3 id="m5">testScript.Scenario_Search#ValidSearch</h3><table class="result"><tr class="param"><th>Parameter #1</th></tr><tr class="param stripe"><td>{Searchtext=Chandler, Execute=Y, Script_id=Valid_Search, expected=234.0, TCID=TC_10, order=1.0}</td></tr></table><p class="totop"><a href="#summary">back to summary</a></p><h2>Testff</h2><h3 id="m6">testScript.Scenario_Search#launch_App</h3><table class="result"><tr class="param"><th>Parameter #1</th></tr><tr class="param stripe"><td>firefox</td></tr><tr><th>Exception</th></tr><tr><td><div class="stacktrace">org.openqa.selenium.WebDriverException: Failed to connect to binary FirefoxBinary(C:\Program Files\Mozilla Firefox\firefox.exe) on port 7055; process output follows: 

Build info: version: &apos;2.53.1&apos;, revision: &apos;a36b8b1cd5757287168e54b817830adce9b0158d&apos;, time: &apos;2016-06-30 19:26:09&apos;
System info: host: &apos;DELL-PC&apos;, ip: &apos;192.168.0.3&apos;, os.name: &apos;Windows 7&apos;, os.arch: &apos;x86&apos;, os.version: &apos;6.1&apos;, java.version: &apos;1.8.0_101&apos;
Driver info: driver.version: FirefoxDriver
	at org.openqa.selenium.firefox.internal.NewProfileExtensionConnection.start(NewProfileExtensionConnection.java:125)
	at org.openqa.selenium.firefox.FirefoxDriver.startClient(FirefoxDriver.java:271)
	at org.openqa.selenium.remote.RemoteWebDriver.&lt;init&gt;(RemoteWebDriver.java:119)
	at org.openqa.selenium.firefox.FirefoxDriver.&lt;init&gt;(FirefoxDriver.java:216)
	at org.openqa.selenium.firefox.FirefoxDriver.&lt;init&gt;(FirefoxDriver.java:211)
	at org.openqa.selenium.firefox.FirefoxDriver.&lt;init&gt;(FirefoxDriver.java:207)
	at org.openqa.selenium.firefox.FirefoxDriver.&lt;init&gt;(FirefoxDriver.java:120)
	at genericLibrary.Base.launch_App(Base.java:65)
	at java.util.concurrent.FutureTask.run(FutureTask.java:266)
	at java.util.concurrent.ThreadPoolExecutor.runWorker(ThreadPoolExecutor.java:1142)
	at java.util.concurrent.ThreadPoolExecutor$Worker.run(ThreadPoolExecutor.java:617)
	at java.lang.Thread.run(Thread.java:745)
Caused by: org.openqa.selenium.firefox.NotConnectedException: Unable to connect to host 127.0.0.1 on port 7055 after 45000 ms. Firefox console output:

	at org.openqa.selenium.firefox.internal.NewProfileExtensionConnection.start(NewProfileExtensionConnection.java:113)
	... 29 more
... Removed 18 stack frames</div></td></tr></table><p class="totop"><a href="#summary">back to summary</a></p><h3 id="m7">testScript.Scenario_Cart#launch_App</h3><table class="result"></table><p class="totop"><a href="#summary">back to summary</a></p><h3 id="m8">testScript.Scenario_Cart#teardown</h3><table class="result"></table><p class="totop"><a href="#summary">back to summary</a></p><h3 id="m9">testScript.Scenario_Search#launch_App</h3><table class="result"></table><p class="totop"><a href="#summary">back to summary</a></p><h3 id="m10">testScript.Scenario_Search#teardown</h3><table class="result"></table><p class="totop"><a href="#summary">back to summary</a></p><h3 id="m11">testScript.Scenario_Search#teardown</h3><table class="result"></table><p class="totop"><a href="#summary">back to summary</a></p><h3 id="m12">testScript.Scenario_Cart#Add_to_cart</h3><table class="result"><tr class="param"><th>Parameter #1</th></tr><tr class="param stripe"><td>{Searchtext=flood and fire, Execute=Y, Script_id=Addtocart, TCID=TC_11, order=1.0}</td></tr></table><p class="totop"><a href="#summary">back to summary</a></p><h3 id="m13">testScript.Scenario_Search#ValidSearch</h3><table class="result"><tr class="param"><th>Parameter #1</th></tr><tr class="param stripe"><td>{Searchtext=Jaico, Execute=Y, Script_id=Valid_Search, expected=10.0, TCID=TC_11, order=1.0}</td></tr></table><p class="totop"><a href="#summary">back to summary</a></p><h3 id="m14">testScript.Scenario_Search#ValidSearch</h3><table class="result"><tr class="param"><th>Parameter #1</th></tr><tr class="param stripe"><td>{Searchtext=Chandler, Execute=Y, Script_id=Valid_Search, expected=234.0, TCID=TC_10, order=1.0}</td></tr></table><p class="totop"><a href="#summary">back to summary</a></p><h3 id="m15">testScript.Scenario_Search#InvalidSearch</h3><table class="result"><tr class="param"><th>Parameter #1</th></tr><tr class="param stripe"><td>{Searchtext=sdkjf, Execute=Y, Script_id=Invalid_Search, expected=Sorry..&apos;sdkjf&apos; does not match any product on Rediff Books., TCID=TC_08, order=1.0}</td></tr></table><p class="totop"><a href="#summary">back to summary</a></p><h3 id="m16">testScript.Scenario_Search#ValidSearch</h3><table class="result"><tr class="param"><th>Parameter #1</th></tr><tr class="param stripe"><td>{Searchtext=ways, Execute=Y, Script_id=Valid_Search, expected=456.0, TCID=TC_09, order=1.0}</td></tr></table><p class="totop"><a href="#summary">back to summary</a></p><h2>Testch</h2><h3 id="m17">testScript.Scenario_Cart#Add_to_cart</h3><table class="result"><tr class="param"><th>Parameter #1</th></tr><tr class="param stripe"><td>{Searchtext=flood and fire, Execute=Y, Script_id=Addtocart, TCID=TC_11, order=1.0}</td></tr></table><p class="totop"><a href="#summary">back to summary</a></p><h3 id="m18">testScript.Scenario_Search#InvalidSearch</h3><table class="result"><tr class="param"><th>Parameter #1</th></tr><tr class="param stripe"><td>{Searchtext=sdkjf, Execute=Y, Script_id=Invalid_Search, expected=Sorry..&apos;sdkjf&apos; does not match any product on Rediff Books., TCID=TC_08, order=1.0}</td></tr></table><p class="totop"><a href="#summary">back to summary</a></p><h3 id="m19">testScript.Scenario_Search#ValidSearch</h3><table class="result"><tr class="param"><th>Parameter #1</th></tr><tr class="param stripe"><td>{Searchtext=Jaico, Execute=Y, Script_id=Valid_Search, expected=10.0, TCID=TC_11, order=1.0}</td></tr></table><p class="totop"><a href="#summary">back to summary</a></p><h3 id="m20">testScript.Scenario_Search#ValidSearch</h3><table class="result"><tr class="param"><th>Parameter #1</th></tr><tr class="param stripe"><td>{Searchtext=Chandler, Execute=Y, Script_id=Valid_Search, expected=234.0, TCID=TC_10, order=1.0}</td></tr></table><p class="totop"><a href="#summary">back to summary</a></p><h3 id="m21">testScript.Scenario_Search#ValidSearch</h3><table class="result"><tr class="param"><th>Parameter #1</th></tr><tr class="param stripe"><td>{Searchtext=ways, Execute=Y, Script_id=Valid_Search, expected=456.0, TCID=TC_09, order=1.0}</td></tr></table><p class="totop"><a href="#summary">back to summary</a></p></body></html>