<?xml version="1.0" encoding="UTF-8"?>
<testng-results skipped="3" failed="2" total="15" passed="10">
  <reporter-output>
  </reporter-output>
  <suite name="Suite" duration-ms="74671" started-at="2016-10-02T06:24:00Z" finished-at="2016-10-02T06:25:15Z">
    <groups>
    </groups>
    <test name="Testie" duration-ms="41381" started-at="2016-10-02T06:24:00Z" finished-at="2016-10-02T06:24:41Z">
      <class name="testScript.Scenario_Cart">
        <test-method status="PASS" signature="launch_App(java.lang.String)[pri:0, instance:testScript.Scenario_Cart@dafa95]" name="launch_App" is-config="true" duration-ms="2603" started-at="2016-10-02T11:54:28Z" finished-at="2016-10-02T11:54:30Z">
          <params>
            <param index="0">
              <value>
                <![CDATA[ie]]>
              </value>
            </param>
          </params>
          <reporter-output>
          </reporter-output>
        </test-method> <!-- launch_App -->
        <test-method status="FAIL" signature="Add_to_cart(java.util.Map)[pri:0, instance:testScript.Scenario_Cart@dafa95]" name="Add_to_cart" duration-ms="9060" started-at="2016-10-02T11:54:30Z" data-provider="Addtocart" finished-at="2016-10-02T11:54:39Z">
          <params>
            <param index="0">
              <value>
                <![CDATA[{Searchtext=flood and fire, Execute=Y, Script_id=Addtocart, TCID=TC_11, order=1.0}]]>
              </value>
            </param>
          </params>
          <exception class="org.openqa.selenium.remote.UnreachableBrowserException">
            <message>
              <![CDATA[Error communicating with the remote browser. It may have died.
Build info: version: '2.53.1', revision: 'a36b8b1cd5757287168e54b817830adce9b0158d', time: '2016-06-30 19:26:09'
System info: host: 'DELL-PC', ip: '192.168.0.3', os.name: 'Windows 7', os.arch: 'x86', os.version: '6.1', java.version: '1.8.0_101'
Driver info: driver.version: RemoteWebDriver
Capabilities [{browserAttachTimeout=0, ie.enableFullPageScreenshot=true, enablePersistentHover=true, ie.forceCreateProcessApi=false, ie.forceShellWindowsApi=false, pageLoadStrategy=normal, ignoreZoomSetting=false, ie.fileUploadDialogTimeout=3000, version=10, platform=WINDOWS, nativeEvents=true, ie.ensureCleanSession=false, elementScrollBehavior=0, ie.browserCommandLineSwitches=, requireWindowFocus=false, browserName=internet explorer, initialBrowserUrl=http://localhost:22791/, javascriptEnabled=true, ignoreProtectedModeSettings=false, enableElementCacheCleanup=true, unexpectedAlertBehaviour=dismiss}]
Session ID: f6c6912c-95b3-423c-ad73-c9f9676cf603]]>
            </message>
            <full-stacktrace>
              <![CDATA[org.openqa.selenium.remote.UnreachableBrowserException: Error communicating with the remote browser. It may have died.
Build info: version: '2.53.1', revision: 'a36b8b1cd5757287168e54b817830adce9b0158d', time: '2016-06-30 19:26:09'
System info: host: 'DELL-PC', ip: '192.168.0.3', os.name: 'Windows 7', os.arch: 'x86', os.version: '6.1', java.version: '1.8.0_101'
Driver info: driver.version: RemoteWebDriver
Capabilities [{browserAttachTimeout=0, ie.enableFullPageScreenshot=true, enablePersistentHover=true, ie.forceCreateProcessApi=false, ie.forceShellWindowsApi=false, pageLoadStrategy=normal, ignoreZoomSetting=false, ie.fileUploadDialogTimeout=3000, version=10, platform=WINDOWS, nativeEvents=true, ie.ensureCleanSession=false, elementScrollBehavior=0, ie.browserCommandLineSwitches=, requireWindowFocus=false, browserName=internet explorer, initialBrowserUrl=http://localhost:22791/, javascriptEnabled=true, ignoreProtectedModeSettings=false, enableElementCacheCleanup=true, unexpectedAlertBehaviour=dismiss}]
Session ID: f6c6912c-95b3-423c-ad73-c9f9676cf603
	at org.openqa.selenium.remote.RemoteWebDriver.execute(RemoteWebDriver.java:665)
	at org.openqa.selenium.remote.RemoteWebElement.execute(RemoteWebElement.java:327)
	at org.openqa.selenium.remote.RemoteWebElement.click(RemoteWebElement.java:85)
	at sun.reflect.NativeMethodAccessorImpl.invoke0(Native Method)
	at sun.reflect.NativeMethodAccessorImpl.invoke(NativeMethodAccessorImpl.java:62)
	at sun.reflect.DelegatingMethodAccessorImpl.invoke(DelegatingMethodAccessorImpl.java:43)
	at java.lang.reflect.Method.invoke(Method.java:498)
	at org.openqa.selenium.support.pagefactory.internal.LocatingElementHandler.invoke(LocatingElementHandler.java:51)
	at com.sun.proxy.$Proxy10.click(Unknown Source)
	at pageFactory.pf_Homepage.click_image(pf_Homepage.java:72)
	at testScript.Scenario_Cart.Add_to_cart(Scenario_Cart.java:38)
	at sun.reflect.NativeMethodAccessorImpl.invoke0(Native Method)
	at sun.reflect.NativeMethodAccessorImpl.invoke(NativeMethodAccessorImpl.java:62)
	at sun.reflect.DelegatingMethodAccessorImpl.invoke(DelegatingMethodAccessorImpl.java:43)
	at java.lang.reflect.Method.invoke(Method.java:498)
	at org.testng.internal.MethodInvocationHelper.invokeMethod(MethodInvocationHelper.java:85)
	at org.testng.internal.Invoker.invokeMethod(Invoker.java:639)
	at org.testng.internal.Invoker.invokeTestMethod(Invoker.java:816)
	at org.testng.internal.Invoker.invokeTestMethods(Invoker.java:1124)
	at org.testng.internal.TestMethodWorker.invokeTestMethods(TestMethodWorker.java:125)
	at org.testng.internal.TestMethodWorker.run(TestMethodWorker.java:108)
	at org.testng.TestRunner.privateRun(TestRunner.java:774)
	at org.testng.TestRunner.run(TestRunner.java:624)
	at org.testng.SuiteRunner.runTest(SuiteRunner.java:359)
	at org.testng.SuiteRunner.access$000(SuiteRunner.java:39)
	at org.testng.SuiteRunner$SuiteWorker.run(SuiteRunner.java:393)
	at org.testng.internal.thread.ThreadUtil$2.call(ThreadUtil.java:64)
	at java.util.concurrent.FutureTask.run(FutureTask.java:266)
	at java.util.concurrent.ThreadPoolExecutor.runWorker(ThreadPoolExecutor.java:1142)
	at java.util.concurrent.ThreadPoolExecutor$Worker.run(ThreadPoolExecutor.java:617)
	at java.lang.Thread.run(Thread.java:745)
Caused by: org.openqa.selenium.WebDriverException: java.net.SocketException: Connection reset
Build info: version: '2.53.1', revision: 'a36b8b1cd5757287168e54b817830adce9b0158d', time: '2016-06-30 19:26:09'
System info: host: 'DELL-PC', ip: '192.168.0.3', os.name: 'Windows 7', os.arch: 'x86', os.version: '6.1', java.version: '1.8.0_101'
Driver info: driver.version: RemoteWebDriver
	at org.openqa.selenium.remote.service.DriverCommandExecutor.execute(DriverCommandExecutor.java:91)
	at org.openqa.selenium.remote.RemoteWebDriver.execute(RemoteWebDriver.java:644)
	... 30 more
Caused by: java.net.SocketException: Connection reset
	at java.net.SocketInputStream.read(SocketInputStream.java:209)
	at java.net.SocketInputStream.read(SocketInputStream.java:141)
	at org.apache.http.impl.io.SessionInputBufferImpl.streamRead(SessionInputBufferImpl.java:139)
	at org.apache.http.impl.io.SessionInputBufferImpl.fillBuffer(SessionInputBufferImpl.java:155)
	at org.apache.http.impl.io.SessionInputBufferImpl.readLine(SessionInputBufferImpl.java:284)
	at org.apache.http.impl.conn.DefaultHttpResponseParser.parseHead(DefaultHttpResponseParser.java:140)
	at org.apache.http.impl.conn.DefaultHttpResponseParser.parseHead(DefaultHttpResponseParser.java:57)
	at org.apache.http.impl.io.AbstractMessageParser.parse(AbstractMessageParser.java:261)
	at org.apache.http.impl.DefaultBHttpClientConnection.receiveResponseHeader(DefaultBHttpClientConnection.java:165)
	at org.apache.http.impl.conn.CPoolProxy.receiveResponseHeader(CPoolProxy.java:167)
	at org.apache.http.protocol.HttpRequestExecutor.doReceiveResponse(HttpRequestExecutor.java:272)
	at org.apache.http.protocol.HttpRequestExecutor.execute(HttpRequestExecutor.java:124)
	at org.apache.http.impl.execchain.MainClientExec.execute(MainClientExec.java:271)
	at org.apache.http.impl.execchain.ProtocolExec.execute(ProtocolExec.java:184)
	at org.apache.http.impl.execchain.RetryExec.execute(RetryExec.java:88)
	at org.apache.http.impl.execchain.RedirectExec.execute(RedirectExec.java:110)
	at org.apache.http.impl.client.InternalHttpClient.doExecute(InternalHttpClient.java:184)
	at org.apache.http.impl.client.CloseableHttpClient.execute(CloseableHttpClient.java:71)
	at org.apache.http.impl.client.CloseableHttpClient.execute(CloseableHttpClient.java:55)
	at org.openqa.selenium.remote.internal.ApacheHttpClient.fallBackExecute(ApacheHttpClient.java:144)
	at org.openqa.selenium.remote.internal.ApacheHttpClient.execute(ApacheHttpClient.java:90)
	at org.openqa.selenium.remote.HttpCommandExecutor.execute(HttpCommandExecutor.java:142)
	at org.openqa.selenium.remote.service.DriverCommandExecutor.execute(DriverCommandExecutor.java:82)
	... 31 more
]]>
            </full-stacktrace>
          </exception> <!-- org.openqa.selenium.remote.UnreachableBrowserException -->
          <reporter-output>
          </reporter-output>
        </test-method> <!-- Add_to_cart -->
        <test-method status="FAIL" signature="teardown()[pri:0, instance:testScript.Scenario_Cart@dafa95]" name="teardown" is-config="true" duration-ms="0" started-at="2016-10-02T11:54:39Z" finished-at="2016-10-02T11:54:39Z">
          <exception class="org.openqa.selenium.remote.UnreachableBrowserException">
            <message>
              <![CDATA[Error communicating with the remote browser. It may have died.
Build info: version: '2.53.1', revision: 'a36b8b1cd5757287168e54b817830adce9b0158d', time: '2016-06-30 19:26:09'
System info: host: 'DELL-PC', ip: '192.168.0.3', os.name: 'Windows 7', os.arch: 'x86', os.version: '6.1', java.version: '1.8.0_101'
Driver info: driver.version: RemoteWebDriver
Capabilities [{browserAttachTimeout=0, ie.enableFullPageScreenshot=true, enablePersistentHover=true, ie.forceCreateProcessApi=false, ie.forceShellWindowsApi=false, pageLoadStrategy=normal, ignoreZoomSetting=false, ie.fileUploadDialogTimeout=3000, version=10, platform=WINDOWS, nativeEvents=true, ie.ensureCleanSession=false, elementScrollBehavior=0, ie.browserCommandLineSwitches=, requireWindowFocus=false, browserName=internet explorer, initialBrowserUrl=http://localhost:22791/, javascriptEnabled=true, ignoreProtectedModeSettings=false, enableElementCacheCleanup=true, unexpectedAlertBehaviour=dismiss}]
Session ID: f6c6912c-95b3-423c-ad73-c9f9676cf603]]>
            </message>
            <full-stacktrace>
              <![CDATA[org.openqa.selenium.remote.UnreachableBrowserException: Error communicating with the remote browser. It may have died.
Build info: version: '2.53.1', revision: 'a36b8b1cd5757287168e54b817830adce9b0158d', time: '2016-06-30 19:26:09'
System info: host: 'DELL-PC', ip: '192.168.0.3', os.name: 'Windows 7', os.arch: 'x86', os.version: '6.1', java.version: '1.8.0_101'
Driver info: driver.version: RemoteWebDriver
Capabilities [{browserAttachTimeout=0, ie.enableFullPageScreenshot=true, enablePersistentHover=true, ie.forceCreateProcessApi=false, ie.forceShellWindowsApi=false, pageLoadStrategy=normal, ignoreZoomSetting=false, ie.fileUploadDialogTimeout=3000, version=10, platform=WINDOWS, nativeEvents=true, ie.ensureCleanSession=false, elementScrollBehavior=0, ie.browserCommandLineSwitches=, requireWindowFocus=false, browserName=internet explorer, initialBrowserUrl=http://localhost:22791/, javascriptEnabled=true, ignoreProtectedModeSettings=false, enableElementCacheCleanup=true, unexpectedAlertBehaviour=dismiss}]
Session ID: f6c6912c-95b3-423c-ad73-c9f9676cf603
	at org.openqa.selenium.remote.RemoteWebDriver.execute(RemoteWebDriver.java:665)
	at org.openqa.selenium.remote.RemoteWebDriver.execute(RemoteWebDriver.java:701)
	at org.openqa.selenium.remote.RemoteWebDriver.close(RemoteWebDriver.java:521)
	at genericLibrary.Base.teardown(Base.java:85)
	at sun.reflect.NativeMethodAccessorImpl.invoke0(Native Method)
	at sun.reflect.NativeMethodAccessorImpl.invoke(NativeMethodAccessorImpl.java:62)
	at sun.reflect.DelegatingMethodAccessorImpl.invoke(DelegatingMethodAccessorImpl.java:43)
	at java.lang.reflect.Method.invoke(Method.java:498)
	at org.testng.internal.MethodInvocationHelper.invokeMethod(MethodInvocationHelper.java:85)
	at org.testng.internal.Invoker.invokeConfigurationMethod(Invoker.java:510)
	at org.testng.internal.Invoker.invokeConfigurations(Invoker.java:211)
	at org.testng.internal.Invoker.invokeMethod(Invoker.java:703)
	at org.testng.internal.Invoker.invokeTestMethod(Invoker.java:816)
	at org.testng.internal.Invoker.invokeTestMethods(Invoker.java:1124)
	at org.testng.internal.TestMethodWorker.invokeTestMethods(TestMethodWorker.java:125)
	at org.testng.internal.TestMethodWorker.run(TestMethodWorker.java:108)
	at org.testng.TestRunner.privateRun(TestRunner.java:774)
	at org.testng.TestRunner.run(TestRunner.java:624)
	at org.testng.SuiteRunner.runTest(SuiteRunner.java:359)
	at org.testng.SuiteRunner.access$000(SuiteRunner.java:39)
	at org.testng.SuiteRunner$SuiteWorker.run(SuiteRunner.java:393)
	at org.testng.internal.thread.ThreadUtil$2.call(ThreadUtil.java:64)
	at java.util.concurrent.FutureTask.run(FutureTask.java:266)
	at java.util.concurrent.ThreadPoolExecutor.runWorker(ThreadPoolExecutor.java:1142)
	at java.util.concurrent.ThreadPoolExecutor$Worker.run(ThreadPoolExecutor.java:617)
	at java.lang.Thread.run(Thread.java:745)
Caused by: org.openqa.selenium.WebDriverException: org.apache.http.conn.HttpHostConnectException: Connect to localhost:22791 [localhost/127.0.0.1, localhost/0:0:0:0:0:0:0:1] failed: Connection refused: connect
Build info: version: '2.53.1', revision: 'a36b8b1cd5757287168e54b817830adce9b0158d', time: '2016-06-30 19:26:09'
System info: host: 'DELL-PC', ip: '192.168.0.3', os.name: 'Windows 7', os.arch: 'x86', os.version: '6.1', java.version: '1.8.0_101'
Driver info: driver.version: RemoteWebDriver
	at org.openqa.selenium.remote.service.DriverCommandExecutor.execute(DriverCommandExecutor.java:91)
	at org.openqa.selenium.remote.RemoteWebDriver.execute(RemoteWebDriver.java:644)
	... 25 more
Caused by: org.apache.http.conn.HttpHostConnectException: Connect to localhost:22791 [localhost/127.0.0.1, localhost/0:0:0:0:0:0:0:1] failed: Connection refused: connect
	at org.apache.http.impl.conn.DefaultHttpClientConnectionOperator.connect(DefaultHttpClientConnectionOperator.java:151)
	at org.apache.http.impl.conn.PoolingHttpClientConnectionManager.connect(PoolingHttpClientConnectionManager.java:353)
	at org.apache.http.impl.execchain.MainClientExec.establishRoute(MainClientExec.java:380)
	at org.apache.http.impl.execchain.MainClientExec.execute(MainClientExec.java:236)
	at org.apache.http.impl.execchain.ProtocolExec.execute(ProtocolExec.java:184)
	at org.apache.http.impl.execchain.RetryExec.execute(RetryExec.java:88)
	at org.apache.http.impl.execchain.RedirectExec.execute(RedirectExec.java:110)
	at org.apache.http.impl.client.InternalHttpClient.doExecute(InternalHttpClient.java:184)
	at org.apache.http.impl.client.CloseableHttpClient.execute(CloseableHttpClient.java:71)
	at org.apache.http.impl.client.CloseableHttpClient.execute(CloseableHttpClient.java:55)
	at org.openqa.selenium.remote.internal.ApacheHttpClient.fallBackExecute(ApacheHttpClient.java:144)
	at org.openqa.selenium.remote.internal.ApacheHttpClient.execute(ApacheHttpClient.java:90)
	at org.openqa.selenium.remote.HttpCommandExecutor.execute(HttpCommandExecutor.java:142)
	at org.openqa.selenium.remote.service.DriverCommandExecutor.execute(DriverCommandExecutor.java:82)
	... 26 more
Caused by: java.net.ConnectException: Connection refused: connect
	at java.net.DualStackPlainSocketImpl.waitForConnect(Native Method)
	at java.net.DualStackPlainSocketImpl.socketConnect(DualStackPlainSocketImpl.java:85)
	at java.net.AbstractPlainSocketImpl.doConnect(AbstractPlainSocketImpl.java:350)
	at java.net.AbstractPlainSocketImpl.connectToAddress(AbstractPlainSocketImpl.java:206)
	at java.net.AbstractPlainSocketImpl.connect(AbstractPlainSocketImpl.java:188)
	at java.net.PlainSocketImpl.connect(PlainSocketImpl.java:172)
	at java.net.SocksSocketImpl.connect(SocksSocketImpl.java:392)
	at java.net.Socket.connect(Socket.java:589)
	at org.apache.http.conn.socket.PlainConnectionSocketFactory.connectSocket(PlainConnectionSocketFactory.java:74)
	at org.apache.http.impl.conn.DefaultHttpClientConnectionOperator.connect(DefaultHttpClientConnectionOperator.java:134)
	... 39 more
]]>
            </full-stacktrace>
          </exception> <!-- org.openqa.selenium.remote.UnreachableBrowserException -->
          <reporter-output>
          </reporter-output>
        </test-method> <!-- teardown -->
      </class> <!-- testScript.Scenario_Cart -->
      <class name="testScript.Scenario_Search">
        <test-method status="PASS" signature="launch_App(java.lang.String)[pri:0, instance:testScript.Scenario_Search@9838eb]" name="launch_App" is-config="true" duration-ms="4205" started-at="2016-10-02T11:54:01Z" finished-at="2016-10-02T11:54:05Z">
          <params>
            <param index="0">
              <value>
                <![CDATA[ie]]>
              </value>
            </param>
          </params>
          <reporter-output>
          </reporter-output>
        </test-method> <!-- launch_App -->
        <test-method status="PASS" signature="InvalidSearch(java.util.Map)[pri:0, instance:testScript.Scenario_Search@9838eb]" name="InvalidSearch" duration-ms="2381" started-at="2016-10-02T11:54:05Z" data-provider="InvalidSearch" finished-at="2016-10-02T11:54:07Z">
          <params>
            <param index="0">
              <value>
                <![CDATA[{Searchtext=sdkjf, Execute=Y, Script_id=Invalid_Search, expected=Sorry..'sdkjf' does not match any product on Rediff Books., TCID=TC_08, order=1.0}]]>
              </value>
            </param>
          </params>
          <reporter-output>
          </reporter-output>
        </test-method> <!-- InvalidSearch -->
        <test-method status="PASS" signature="teardown()[pri:0, instance:testScript.Scenario_Search@9838eb]" name="teardown" is-config="true" duration-ms="778" started-at="2016-10-02T11:54:07Z" finished-at="2016-10-02T11:54:08Z">
          <reporter-output>
          </reporter-output>
        </test-method> <!-- teardown -->
        <test-method status="PASS" signature="launch_App(java.lang.String)[pri:0, instance:testScript.Scenario_Search@9838eb]" name="launch_App" is-config="true" duration-ms="2826" started-at="2016-10-02T11:54:08Z" finished-at="2016-10-02T11:54:11Z">
          <params>
            <param index="0">
              <value>
                <![CDATA[ie]]>
              </value>
            </param>
          </params>
          <reporter-output>
          </reporter-output>
        </test-method> <!-- launch_App -->
        <test-method status="PASS" signature="ValidSearch(java.util.Map)[pri:0, instance:testScript.Scenario_Search@9838eb]" name="ValidSearch" duration-ms="3783" started-at="2016-10-02T11:54:11Z" data-provider="ValidSearch" finished-at="2016-10-02T11:54:15Z">
          <params>
            <param index="0">
              <value>
                <![CDATA[{Searchtext=ways, Execute=Y, Script_id=Valid_Search, expected=456.0, TCID=TC_09, order=1.0}]]>
              </value>
            </param>
          </params>
          <reporter-output>
          </reporter-output>
        </test-method> <!-- ValidSearch -->
        <test-method status="PASS" signature="teardown()[pri:0, instance:testScript.Scenario_Search@9838eb]" name="teardown" is-config="true" duration-ms="37" started-at="2016-10-02T11:54:15Z" finished-at="2016-10-02T11:54:15Z">
          <reporter-output>
          </reporter-output>
        </test-method> <!-- teardown -->
        <test-method status="PASS" signature="launch_App(java.lang.String)[pri:0, instance:testScript.Scenario_Search@9838eb]" name="launch_App" is-config="true" duration-ms="3138" started-at="2016-10-02T11:54:15Z" finished-at="2016-10-02T11:54:18Z">
          <params>
            <param index="0">
              <value>
                <![CDATA[ie]]>
              </value>
            </param>
          </params>
          <reporter-output>
          </reporter-output>
        </test-method> <!-- launch_App -->
        <test-method status="PASS" signature="ValidSearch(java.util.Map)[pri:0, instance:testScript.Scenario_Search@9838eb]" name="ValidSearch" duration-ms="4816" started-at="2016-10-02T11:54:18Z" data-provider="ValidSearch" finished-at="2016-10-02T11:54:23Z">
          <params>
            <param index="0">
              <value>
                <![CDATA[{Searchtext=Chandler, Execute=Y, Script_id=Valid_Search, expected=234.0, TCID=TC_10, order=1.0}]]>
              </value>
            </param>
          </params>
          <reporter-output>
          </reporter-output>
        </test-method> <!-- ValidSearch -->
        <test-method status="PASS" signature="teardown()[pri:0, instance:testScript.Scenario_Search@9838eb]" name="teardown" is-config="true" duration-ms="143" started-at="2016-10-02T11:54:23Z" finished-at="2016-10-02T11:54:23Z">
          <reporter-output>
          </reporter-output>
        </test-method> <!-- teardown -->
        <test-method status="PASS" signature="launch_App(java.lang.String)[pri:0, instance:testScript.Scenario_Search@9838eb]" name="launch_App" is-config="true" duration-ms="2588" started-at="2016-10-02T11:54:23Z" finished-at="2016-10-02T11:54:25Z">
          <params>
            <param index="0">
              <value>
                <![CDATA[ie]]>
              </value>
            </param>
          </params>
          <reporter-output>
          </reporter-output>
        </test-method> <!-- launch_App -->
        <test-method status="FAIL" signature="ValidSearch(java.util.Map)[pri:0, instance:testScript.Scenario_Search@9838eb]" name="ValidSearch" duration-ms="1716" started-at="2016-10-02T11:54:25Z" data-provider="ValidSearch" finished-at="2016-10-02T11:54:27Z">
          <params>
            <param index="0">
              <value>
                <![CDATA[{Searchtext=Jaico, Execute=Y, Script_id=Valid_Search, expected=10.0, TCID=TC_11, order=1.0}]]>
              </value>
            </param>
          </params>
          <exception class="org.openqa.selenium.StaleElementReferenceException">
            <message>
              <![CDATA[Element is no longer valid (WARNING: The server did not provide any stacktrace information)
Command duration or timeout: 23 milliseconds
For documentation on this error, please visit: http://seleniumhq.org/exceptions/stale_element_reference.html
Build info: version: '2.53.1', revision: 'a36b8b1cd5757287168e54b817830adce9b0158d', time: '2016-06-30 19:26:09'
System info: host: 'DELL-PC', ip: '192.168.0.3', os.name: 'Windows 7', os.arch: 'x86', os.version: '6.1', java.version: '1.8.0_101'
Driver info: org.openqa.selenium.ie.InternetExplorerDriver
Capabilities [{browserAttachTimeout=0, ie.enableFullPageScreenshot=true, enablePersistentHover=true, ie.forceCreateProcessApi=false, ie.forceShellWindowsApi=false, pageLoadStrategy=normal, ignoreZoomSetting=false, ie.fileUploadDialogTimeout=3000, version=10, platform=WINDOWS, nativeEvents=true, ie.ensureCleanSession=false, elementScrollBehavior=0, ie.browserCommandLineSwitches=, requireWindowFocus=false, browserName=internet explorer, initialBrowserUrl=http://localhost:33784/, javascriptEnabled=true, ignoreProtectedModeSettings=false, enableElementCacheCleanup=true, unexpectedAlertBehaviour=dismiss}]
Session ID: 16dbaf23-b65a-4c08-83cd-a3fb4d55188d]]>
            </message>
            <full-stacktrace>
              <![CDATA[org.openqa.selenium.StaleElementReferenceException: Element is no longer valid (WARNING: The server did not provide any stacktrace information)
Command duration or timeout: 23 milliseconds
For documentation on this error, please visit: http://seleniumhq.org/exceptions/stale_element_reference.html
Build info: version: '2.53.1', revision: 'a36b8b1cd5757287168e54b817830adce9b0158d', time: '2016-06-30 19:26:09'
System info: host: 'DELL-PC', ip: '192.168.0.3', os.name: 'Windows 7', os.arch: 'x86', os.version: '6.1', java.version: '1.8.0_101'
Driver info: org.openqa.selenium.ie.InternetExplorerDriver
Capabilities [{browserAttachTimeout=0, ie.enableFullPageScreenshot=true, enablePersistentHover=true, ie.forceCreateProcessApi=false, ie.forceShellWindowsApi=false, pageLoadStrategy=normal, ignoreZoomSetting=false, ie.fileUploadDialogTimeout=3000, version=10, platform=WINDOWS, nativeEvents=true, ie.ensureCleanSession=false, elementScrollBehavior=0, ie.browserCommandLineSwitches=, requireWindowFocus=false, browserName=internet explorer, initialBrowserUrl=http://localhost:33784/, javascriptEnabled=true, ignoreProtectedModeSettings=false, enableElementCacheCleanup=true, unexpectedAlertBehaviour=dismiss}]
Session ID: 16dbaf23-b65a-4c08-83cd-a3fb4d55188d
	at sun.reflect.NativeConstructorAccessorImpl.newInstance0(Native Method)
	at sun.reflect.NativeConstructorAccessorImpl.newInstance(NativeConstructorAccessorImpl.java:62)
	at sun.reflect.DelegatingConstructorAccessorImpl.newInstance(DelegatingConstructorAccessorImpl.java:45)
	at java.lang.reflect.Constructor.newInstance(Constructor.java:423)
	at org.openqa.selenium.remote.ErrorHandler.createThrowable(ErrorHandler.java:206)
	at org.openqa.selenium.remote.ErrorHandler.throwIfResponseFailed(ErrorHandler.java:158)
	at org.openqa.selenium.remote.RemoteWebDriver.execute(RemoteWebDriver.java:678)
	at org.openqa.selenium.remote.RemoteWebElement.execute(RemoteWebElement.java:327)
	at org.openqa.selenium.remote.RemoteWebElement.isDisplayed(RemoteWebElement.java:368)
	at sun.reflect.NativeMethodAccessorImpl.invoke0(Native Method)
	at sun.reflect.NativeMethodAccessorImpl.invoke(NativeMethodAccessorImpl.java:62)
	at sun.reflect.DelegatingMethodAccessorImpl.invoke(DelegatingMethodAccessorImpl.java:43)
	at java.lang.reflect.Method.invoke(Method.java:498)
	at org.openqa.selenium.support.pagefactory.internal.LocatingElementHandler.invoke(LocatingElementHandler.java:51)
	at com.sun.proxy.$Proxy10.isDisplayed(Unknown Source)
	at org.openqa.selenium.support.ui.ExpectedConditions.elementIfVisible(ExpectedConditions.java:302)
	at org.openqa.selenium.support.ui.ExpectedConditions.access$100(ExpectedConditions.java:41)
	at org.openqa.selenium.support.ui.ExpectedConditions$10.apply(ExpectedConditions.java:288)
	at org.openqa.selenium.support.ui.ExpectedConditions$10.apply(ExpectedConditions.java:285)
	at org.openqa.selenium.support.ui.FluentWait.until(FluentWait.java:238)
	at genericLibrary.Base.wait(Base.java:95)
	at testScript.Scenario_Search.ValidSearch(Scenario_Search.java:71)
	at sun.reflect.NativeMethodAccessorImpl.invoke0(Native Method)
	at sun.reflect.NativeMethodAccessorImpl.invoke(NativeMethodAccessorImpl.java:62)
	at sun.reflect.DelegatingMethodAccessorImpl.invoke(DelegatingMethodAccessorImpl.java:43)
	at java.lang.reflect.Method.invoke(Method.java:498)
	at org.testng.internal.MethodInvocationHelper.invokeMethod(MethodInvocationHelper.java:85)
	at org.testng.internal.Invoker.invokeMethod(Invoker.java:639)
	at org.testng.internal.Invoker.invokeTestMethod(Invoker.java:816)
	at org.testng.internal.Invoker.invokeTestMethods(Invoker.java:1124)
	at org.testng.internal.TestMethodWorker.invokeTestMethods(TestMethodWorker.java:125)
	at org.testng.internal.TestMethodWorker.run(TestMethodWorker.java:108)
	at org.testng.TestRunner.privateRun(TestRunner.java:774)
	at org.testng.TestRunner.run(TestRunner.java:624)
	at org.testng.SuiteRunner.runTest(SuiteRunner.java:359)
	at org.testng.SuiteRunner.access$000(SuiteRunner.java:39)
	at org.testng.SuiteRunner$SuiteWorker.run(SuiteRunner.java:393)
	at org.testng.internal.thread.ThreadUtil$2.call(ThreadUtil.java:64)
	at java.util.concurrent.FutureTask.run(FutureTask.java:266)
	at java.util.concurrent.ThreadPoolExecutor.runWorker(ThreadPoolExecutor.java:1142)
	at java.util.concurrent.ThreadPoolExecutor$Worker.run(ThreadPoolExecutor.java:617)
	at java.lang.Thread.run(Thread.java:745)
]]>
            </full-stacktrace>
          </exception> <!-- org.openqa.selenium.StaleElementReferenceException -->
          <reporter-output>
          </reporter-output>
        </test-method> <!-- ValidSearch -->
        <test-method status="PASS" signature="teardown()[pri:0, instance:testScript.Scenario_Search@9838eb]" name="teardown" is-config="true" duration-ms="585" started-at="2016-10-02T11:54:27Z" finished-at="2016-10-02T11:54:28Z">
          <reporter-output>
          </reporter-output>
        </test-method> <!-- teardown -->
      </class> <!-- testScript.Scenario_Search -->
    </test> <!-- Testie -->
    <test name="Testff" duration-ms="74493" started-at="2016-10-02T06:24:00Z" finished-at="2016-10-02T06:25:14Z">
      <class name="testScript.Scenario_Cart">
        <test-method status="SKIP" signature="launch_App(java.lang.String)[pri:0, instance:testScript.Scenario_Cart@ef9176]" name="launch_App" is-config="true" duration-ms="0" started-at="2016-10-02T11:55:14Z" finished-at="2016-10-02T11:55:14Z">
          <reporter-output>
          </reporter-output>
        </test-method> <!-- launch_App -->
        <test-method status="SKIP" signature="Add_to_cart(java.util.Map)[pri:0, instance:testScript.Scenario_Cart@ef9176]" name="Add_to_cart" duration-ms="0" started-at="2016-10-02T11:55:14Z" data-provider="Addtocart" finished-at="2016-10-02T11:55:14Z">
          <params>
            <param index="0">
              <value>
                <![CDATA[{Searchtext=flood and fire, Execute=Y, Script_id=Addtocart, TCID=TC_11, order=1.0}]]>
              </value>
            </param>
          </params>
          <reporter-output>
          </reporter-output>
        </test-method> <!-- Add_to_cart -->
        <test-method status="SKIP" signature="teardown()[pri:0, instance:testScript.Scenario_Cart@ef9176]" name="teardown" is-config="true" duration-ms="0" started-at="2016-10-02T11:55:14Z" finished-at="2016-10-02T11:55:14Z">
          <reporter-output>
          </reporter-output>
        </test-method> <!-- teardown -->
      </class> <!-- testScript.Scenario_Cart -->
      <class name="testScript.Scenario_Search">
        <test-method status="PASS" signature="launch_App(java.lang.String)[pri:0, instance:testScript.Scenario_Search@1805618]" name="launch_App" is-config="true" duration-ms="8693" started-at="2016-10-02T11:54:01Z" finished-at="2016-10-02T11:54:09Z">
          <params>
            <param index="0">
              <value>
                <![CDATA[firefox]]>
              </value>
            </param>
          </params>
          <reporter-output>
          </reporter-output>
        </test-method> <!-- launch_App -->
        <test-method status="PASS" signature="InvalidSearch(java.util.Map)[pri:0, instance:testScript.Scenario_Search@1805618]" name="InvalidSearch" duration-ms="3499" started-at="2016-10-02T11:54:09Z" data-provider="InvalidSearch" finished-at="2016-10-02T11:54:13Z">
          <params>
            <param index="0">
              <value>
                <![CDATA[{Searchtext=sdkjf, Execute=Y, Script_id=Invalid_Search, expected=Sorry..'sdkjf' does not match any product on Rediff Books., TCID=TC_08, order=1.0}]]>
              </value>
            </param>
          </params>
          <reporter-output>
          </reporter-output>
        </test-method> <!-- InvalidSearch -->
        <test-method status="PASS" signature="teardown()[pri:0, instance:testScript.Scenario_Search@1805618]" name="teardown" is-config="true" duration-ms="40" started-at="2016-10-02T11:54:13Z" finished-at="2016-10-02T11:54:13Z">
          <reporter-output>
          </reporter-output>
        </test-method> <!-- teardown -->
        <test-method status="PASS" signature="launch_App(java.lang.String)[pri:0, instance:testScript.Scenario_Search@1805618]" name="launch_App" is-config="true" duration-ms="9478" started-at="2016-10-02T11:54:13Z" finished-at="2016-10-02T11:54:22Z">
          <params>
            <param index="0">
              <value>
                <![CDATA[firefox]]>
              </value>
            </param>
          </params>
          <reporter-output>
          </reporter-output>
        </test-method> <!-- launch_App -->
        <test-method status="PASS" signature="ValidSearch(java.util.Map)[pri:0, instance:testScript.Scenario_Search@1805618]" name="ValidSearch" duration-ms="5204" started-at="2016-10-02T11:54:22Z" data-provider="ValidSearch" finished-at="2016-10-02T11:54:28Z">
          <params>
            <param index="0">
              <value>
                <![CDATA[{Searchtext=ways, Execute=Y, Script_id=Valid_Search, expected=456.0, TCID=TC_09, order=1.0}]]>
              </value>
            </param>
          </params>
          <reporter-output>
          </reporter-output>
        </test-method> <!-- ValidSearch -->
        <test-method status="PASS" signature="teardown()[pri:0, instance:testScript.Scenario_Search@1805618]" name="teardown" is-config="true" duration-ms="43" started-at="2016-10-02T11:54:28Z" finished-at="2016-10-02T11:54:28Z">
          <reporter-output>
          </reporter-output>
        </test-method> <!-- teardown -->
        <test-method status="FAIL" signature="launch_App(java.lang.String)[pri:0, instance:testScript.Scenario_Search@1805618]" name="launch_App" is-config="true" duration-ms="0" started-at="2016-10-02T11:54:28Z" finished-at="2016-10-02T11:54:28Z">
          <params>
            <param index="0">
              <value>
                <![CDATA[firefox]]>
              </value>
            </param>
          </params>
          <exception class="org.openqa.selenium.WebDriverException">
            <message>
              <![CDATA[Failed to connect to binary FirefoxBinary(C:\Program Files\Mozilla Firefox\firefox.exe) on port 7055; process output follows: 

Build info: version: '2.53.1', revision: 'a36b8b1cd5757287168e54b817830adce9b0158d', time: '2016-06-30 19:26:09'
System info: host: 'DELL-PC', ip: '192.168.0.3', os.name: 'Windows 7', os.arch: 'x86', os.version: '6.1', java.version: '1.8.0_101'
Driver info: driver.version: FirefoxDriver]]>
            </message>
            <full-stacktrace>
              <![CDATA[org.openqa.selenium.WebDriverException: Failed to connect to binary FirefoxBinary(C:\Program Files\Mozilla Firefox\firefox.exe) on port 7055; process output follows: 

Build info: version: '2.53.1', revision: 'a36b8b1cd5757287168e54b817830adce9b0158d', time: '2016-06-30 19:26:09'
System info: host: 'DELL-PC', ip: '192.168.0.3', os.name: 'Windows 7', os.arch: 'x86', os.version: '6.1', java.version: '1.8.0_101'
Driver info: driver.version: FirefoxDriver
	at org.openqa.selenium.firefox.internal.NewProfileExtensionConnection.start(NewProfileExtensionConnection.java:125)
	at org.openqa.selenium.firefox.FirefoxDriver.startClient(FirefoxDriver.java:271)
	at org.openqa.selenium.remote.RemoteWebDriver.<init>(RemoteWebDriver.java:119)
	at org.openqa.selenium.firefox.FirefoxDriver.<init>(FirefoxDriver.java:216)
	at org.openqa.selenium.firefox.FirefoxDriver.<init>(FirefoxDriver.java:211)
	at org.openqa.selenium.firefox.FirefoxDriver.<init>(FirefoxDriver.java:207)
	at org.openqa.selenium.firefox.FirefoxDriver.<init>(FirefoxDriver.java:120)
	at genericLibrary.Base.launch_App(Base.java:65)
	at sun.reflect.NativeMethodAccessorImpl.invoke0(Native Method)
	at sun.reflect.NativeMethodAccessorImpl.invoke(NativeMethodAccessorImpl.java:62)
	at sun.reflect.DelegatingMethodAccessorImpl.invoke(DelegatingMethodAccessorImpl.java:43)
	at java.lang.reflect.Method.invoke(Method.java:498)
	at org.testng.internal.MethodInvocationHelper.invokeMethod(MethodInvocationHelper.java:85)
	at org.testng.internal.Invoker.invokeConfigurationMethod(Invoker.java:510)
	at org.testng.internal.Invoker.invokeConfigurations(Invoker.java:211)
	at org.testng.internal.Invoker.invokeMethod(Invoker.java:585)
	at org.testng.internal.Invoker.invokeTestMethod(Invoker.java:816)
	at org.testng.internal.Invoker.invokeTestMethods(Invoker.java:1124)
	at org.testng.internal.TestMethodWorker.invokeTestMethods(TestMethodWorker.java:125)
	at org.testng.internal.TestMethodWorker.run(TestMethodWorker.java:108)
	at org.testng.TestRunner.privateRun(TestRunner.java:774)
	at org.testng.TestRunner.run(TestRunner.java:624)
	at org.testng.SuiteRunner.runTest(SuiteRunner.java:359)
	at org.testng.SuiteRunner.access$000(SuiteRunner.java:39)
	at org.testng.SuiteRunner$SuiteWorker.run(SuiteRunner.java:393)
	at org.testng.internal.thread.ThreadUtil$2.call(ThreadUtil.java:64)
	at java.util.concurrent.FutureTask.run(FutureTask.java:266)
	at java.util.concurrent.ThreadPoolExecutor.runWorker(ThreadPoolExecutor.java:1142)
	at java.util.concurrent.ThreadPoolExecutor$Worker.run(ThreadPoolExecutor.java:617)
	at java.lang.Thread.run(Thread.java:745)
Caused by: org.openqa.selenium.firefox.NotConnectedException: Unable to connect to host 127.0.0.1 on port 7055 after 45000 ms. Firefox console output:

	at org.openqa.selenium.firefox.internal.NewProfileExtensionConnection.start(NewProfileExtensionConnection.java:113)
	... 29 more
]]>
            </full-stacktrace>
          </exception> <!-- org.openqa.selenium.WebDriverException -->
          <reporter-output>
          </reporter-output>
        </test-method> <!-- launch_App -->
        <test-method status="SKIP" signature="ValidSearch(java.util.Map)[pri:0, instance:testScript.Scenario_Search@1805618]" name="ValidSearch" duration-ms="0" started-at="2016-10-02T11:55:14Z" data-provider="ValidSearch" finished-at="2016-10-02T11:55:14Z">
          <params>
            <param index="0">
              <value>
                <![CDATA[{Searchtext=Chandler, Execute=Y, Script_id=Valid_Search, expected=234.0, TCID=TC_10, order=1.0}]]>
              </value>
            </param>
          </params>
          <reporter-output>
          </reporter-output>
        </test-method> <!-- ValidSearch -->
        <test-method status="SKIP" signature="teardown()[pri:0, instance:testScript.Scenario_Search@1805618]" name="teardown" is-config="true" duration-ms="0" started-at="2016-10-02T11:55:14Z" finished-at="2016-10-02T11:55:14Z">
          <reporter-output>
          </reporter-output>
        </test-method> <!-- teardown -->
        <test-method status="SKIP" signature="launch_App(java.lang.String)[pri:0, instance:testScript.Scenario_Search@1805618]" name="launch_App" is-config="true" duration-ms="0" started-at="2016-10-02T11:55:14Z" finished-at="2016-10-02T11:55:14Z">
          <reporter-output>
          </reporter-output>
        </test-method> <!-- launch_App -->
        <test-method status="SKIP" signature="ValidSearch(java.util.Map)[pri:0, instance:testScript.Scenario_Search@1805618]" name="ValidSearch" duration-ms="1" started-at="2016-10-02T11:55:14Z" data-provider="ValidSearch" finished-at="2016-10-02T11:55:14Z">
          <params>
            <param index="0">
              <value>
                <![CDATA[{Searchtext=Jaico, Execute=Y, Script_id=Valid_Search, expected=10.0, TCID=TC_11, order=1.0}]]>
              </value>
            </param>
          </params>
          <reporter-output>
          </reporter-output>
        </test-method> <!-- ValidSearch -->
        <test-method status="SKIP" signature="teardown()[pri:0, instance:testScript.Scenario_Search@1805618]" name="teardown" is-config="true" duration-ms="0" started-at="2016-10-02T11:55:14Z" finished-at="2016-10-02T11:55:14Z">
          <reporter-output>
          </reporter-output>
        </test-method> <!-- teardown -->
      </class> <!-- testScript.Scenario_Search -->
    </test> <!-- Testff -->
    <test name="Testch" duration-ms="33248" started-at="2016-10-02T06:24:41Z" finished-at="2016-10-02T06:25:15Z">
      <class name="testScript.Scenario_Cart">
        <test-method status="PASS" signature="launch_App(java.lang.String)[pri:0, instance:testScript.Scenario_Cart@159c4b8]" name="launch_App" is-config="true" duration-ms="2904" started-at="2016-10-02T11:55:08Z" finished-at="2016-10-02T11:55:10Z">
          <params>
            <param index="0">
              <value>
                <![CDATA[chrome]]>
              </value>
            </param>
          </params>
          <reporter-output>
          </reporter-output>
        </test-method> <!-- launch_App -->
        <test-method status="PASS" signature="Add_to_cart(java.util.Map)[pri:0, instance:testScript.Scenario_Cart@159c4b8]" name="Add_to_cart" duration-ms="4120" started-at="2016-10-02T11:55:10Z" data-provider="Addtocart" finished-at="2016-10-02T11:55:15Z">
          <params>
            <param index="0">
              <value>
                <![CDATA[{Searchtext=flood and fire, Execute=Y, Script_id=Addtocart, TCID=TC_11, order=1.0}]]>
              </value>
            </param>
          </params>
          <reporter-output>
          </reporter-output>
        </test-method> <!-- Add_to_cart -->
        <test-method status="PASS" signature="teardown()[pri:0, instance:testScript.Scenario_Cart@159c4b8]" name="teardown" is-config="true" duration-ms="94" started-at="2016-10-02T11:55:15Z" finished-at="2016-10-02T11:55:15Z">
          <reporter-output>
          </reporter-output>
        </test-method> <!-- teardown -->
      </class> <!-- testScript.Scenario_Cart -->
      <class name="testScript.Scenario_Search">
        <test-method status="PASS" signature="intitalSetup()[pri:0, instance:testScript.Scenario_Search@1952a2d]" name="intitalSetup" is-config="true" duration-ms="235" started-at="2016-10-02T11:54:00Z" finished-at="2016-10-02T11:54:00Z">
          <reporter-output>
          </reporter-output>
        </test-method> <!-- intitalSetup -->
        <test-method status="PASS" signature="launch_App(java.lang.String)[pri:0, instance:testScript.Scenario_Search@1952a2d]" name="launch_App" is-config="true" duration-ms="4886" started-at="2016-10-02T11:54:41Z" finished-at="2016-10-02T11:54:46Z">
          <params>
            <param index="0">
              <value>
                <![CDATA[chrome]]>
              </value>
            </param>
          </params>
          <reporter-output>
          </reporter-output>
        </test-method> <!-- launch_App -->
        <test-method status="PASS" signature="InvalidSearch(java.util.Map)[pri:0, instance:testScript.Scenario_Search@1952a2d]" name="InvalidSearch" duration-ms="1685" started-at="2016-10-02T11:54:46Z" data-provider="InvalidSearch" finished-at="2016-10-02T11:54:48Z">
          <params>
            <param index="0">
              <value>
                <![CDATA[{Searchtext=sdkjf, Execute=Y, Script_id=Invalid_Search, expected=Sorry..'sdkjf' does not match any product on Rediff Books., TCID=TC_08, order=1.0}]]>
              </value>
            </param>
          </params>
          <reporter-output>
          </reporter-output>
        </test-method> <!-- InvalidSearch -->
        <test-method status="PASS" signature="teardown()[pri:0, instance:testScript.Scenario_Search@1952a2d]" name="teardown" is-config="true" duration-ms="1359" started-at="2016-10-02T11:54:48Z" finished-at="2016-10-02T11:54:49Z">
          <reporter-output>
          </reporter-output>
        </test-method> <!-- teardown -->
        <test-method status="PASS" signature="launch_App(java.lang.String)[pri:0, instance:testScript.Scenario_Search@1952a2d]" name="launch_App" is-config="true" duration-ms="2811" started-at="2016-10-02T11:54:49Z" finished-at="2016-10-02T11:54:52Z">
          <params>
            <param index="0">
              <value>
                <![CDATA[chrome]]>
              </value>
            </param>
          </params>
          <reporter-output>
          </reporter-output>
        </test-method> <!-- launch_App -->
        <test-method status="PASS" signature="ValidSearch(java.util.Map)[pri:0, instance:testScript.Scenario_Search@1952a2d]" name="ValidSearch" duration-ms="2131" started-at="2016-10-02T11:54:52Z" data-provider="ValidSearch" finished-at="2016-10-02T11:54:54Z">
          <params>
            <param index="0">
              <value>
                <![CDATA[{Searchtext=ways, Execute=Y, Script_id=Valid_Search, expected=456.0, TCID=TC_09, order=1.0}]]>
              </value>
            </param>
          </params>
          <reporter-output>
          </reporter-output>
        </test-method> <!-- ValidSearch -->
        <test-method status="PASS" signature="teardown()[pri:0, instance:testScript.Scenario_Search@1952a2d]" name="teardown" is-config="true" duration-ms="1366" started-at="2016-10-02T11:54:54Z" finished-at="2016-10-02T11:54:56Z">
          <reporter-output>
          </reporter-output>
        </test-method> <!-- teardown -->
        <test-method status="PASS" signature="launch_App(java.lang.String)[pri:0, instance:testScript.Scenario_Search@1952a2d]" name="launch_App" is-config="true" duration-ms="2494" started-at="2016-10-02T11:54:56Z" finished-at="2016-10-02T11:54:58Z">
          <params>
            <param index="0">
              <value>
                <![CDATA[chrome]]>
              </value>
            </param>
          </params>
          <reporter-output>
          </reporter-output>
        </test-method> <!-- launch_App -->
        <test-method status="PASS" signature="ValidSearch(java.util.Map)[pri:0, instance:testScript.Scenario_Search@1952a2d]" name="ValidSearch" duration-ms="2268" started-at="2016-10-02T11:54:58Z" data-provider="ValidSearch" finished-at="2016-10-02T11:55:00Z">
          <params>
            <param index="0">
              <value>
                <![CDATA[{Searchtext=Chandler, Execute=Y, Script_id=Valid_Search, expected=234.0, TCID=TC_10, order=1.0}]]>
              </value>
            </param>
          </params>
          <reporter-output>
          </reporter-output>
        </test-method> <!-- ValidSearch -->
        <test-method status="PASS" signature="teardown()[pri:0, instance:testScript.Scenario_Search@1952a2d]" name="teardown" is-config="true" duration-ms="1365" started-at="2016-10-02T11:55:00Z" finished-at="2016-10-02T11:55:02Z">
          <reporter-output>
          </reporter-output>
        </test-method> <!-- teardown -->
        <test-method status="PASS" signature="launch_App(java.lang.String)[pri:0, instance:testScript.Scenario_Search@1952a2d]" name="launch_App" is-config="true" duration-ms="2998" started-at="2016-10-02T11:55:02Z" finished-at="2016-10-02T11:55:05Z">
          <params>
            <param index="0">
              <value>
                <![CDATA[chrome]]>
              </value>
            </param>
          </params>
          <reporter-output>
          </reporter-output>
        </test-method> <!-- launch_App -->
        <test-method status="PASS" signature="ValidSearch(java.util.Map)[pri:0, instance:testScript.Scenario_Search@1952a2d]" name="ValidSearch" duration-ms="1316" started-at="2016-10-02T11:55:05Z" data-provider="ValidSearch" finished-at="2016-10-02T11:55:06Z">
          <params>
            <param index="0">
              <value>
                <![CDATA[{Searchtext=Jaico, Execute=Y, Script_id=Valid_Search, expected=10.0, TCID=TC_11, order=1.0}]]>
              </value>
            </param>
          </params>
          <reporter-output>
          </reporter-output>
        </test-method> <!-- ValidSearch -->
        <test-method status="PASS" signature="teardown()[pri:0, instance:testScript.Scenario_Search@1952a2d]" name="teardown" is-config="true" duration-ms="1374" started-at="2016-10-02T11:55:06Z" finished-at="2016-10-02T11:55:08Z">
          <reporter-output>
          </reporter-output>
        </test-method> <!-- teardown -->
      </class> <!-- testScript.Scenario_Search -->
    </test> <!-- Testch -->
  </suite> <!-- Suite -->
</testng-results>
