<?xml version="1.0" encoding="UTF-8"?>
<testng-results skipped="4" failed="0" total="4" passed="0">
  <reporter-output>
  </reporter-output>
  <suite name="Suite" duration-ms="3463" started-at="2016-10-02T04:47:12Z" finished-at="2016-10-02T04:47:16Z">
    <groups>
    </groups>
    <test name="Test" duration-ms="3463" started-at="2016-10-02T04:47:12Z" finished-at="2016-10-02T04:47:16Z">
      <class name="testScript.Scenario_Search">
        <test-method status="PASS" signature="intitalSetup()[pri:0, instance:testScript.Scenario_Search@1c24521]" name="intitalSetup" is-config="true" duration-ms="328" started-at="2016-10-02T10:17:12Z" finished-at="2016-10-02T10:17:12Z">
          <reporter-output>
          </reporter-output>
        </test-method> <!-- intitalSetup -->
        <test-method status="FAIL" signature="launch_App()[pri:0, instance:testScript.Scenario_Search@1c24521]" name="launch_App" is-config="true" duration-ms="0" started-at="2016-10-02T10:17:13Z" finished-at="2016-10-02T10:17:13Z">
          <exception class="org.openqa.selenium.remote.UnreachableBrowserException">
            <message>
              <![CDATA[Could not start a new session. Possible causes are invalid address of the remote server or browser start-up failure.
Build info: version: '2.48.1', revision: 'd80083d8f7b0b0319976ef9712f7a2b531abaceb', time: '2015-10-08 14:16:53'
System info: host: 'DELL-PC', ip: '192.168.0.3', os.name: 'Windows 7', os.arch: 'x86', os.version: '6.1', java.version: '1.8.0_101'
Driver info: driver.version: ChromeDriver]]>
            </message>
            <full-stacktrace>
              <![CDATA[org.openqa.selenium.remote.UnreachableBrowserException: Could not start a new session. Possible causes are invalid address of the remote server or browser start-up failure.
Build info: version: '2.48.1', revision: 'd80083d8f7b0b0319976ef9712f7a2b531abaceb', time: '2015-10-08 14:16:53'
System info: host: 'DELL-PC', ip: '192.168.0.3', os.name: 'Windows 7', os.arch: 'x86', os.version: '6.1', java.version: '1.8.0_101'
Driver info: driver.version: ChromeDriver
	at org.openqa.selenium.remote.RemoteWebDriver.execute(RemoteWebDriver.java:641)
	at org.openqa.selenium.remote.RemoteWebDriver.startSession(RemoteWebDriver.java:247)
	at org.openqa.selenium.remote.RemoteWebDriver.<init>(RemoteWebDriver.java:129)
	at org.openqa.selenium.remote.RemoteWebDriver.<init>(RemoteWebDriver.java:142)
	at org.openqa.selenium.chrome.ChromeDriver.<init>(ChromeDriver.java:170)
	at org.openqa.selenium.chrome.ChromeDriver.<init>(ChromeDriver.java:159)
	at org.openqa.selenium.chrome.ChromeDriver.<init>(ChromeDriver.java:116)
	at genericLibrary.Base.launch_App(Unknown Source)
	at sun.reflect.NativeMethodAccessorImpl.invoke0(Native Method)
	at sun.reflect.NativeMethodAccessorImpl.invoke(NativeMethodAccessorImpl.java:62)
	at sun.reflect.DelegatingMethodAccessorImpl.invoke(DelegatingMethodAccessorImpl.java:43)
	at java.lang.reflect.Method.invoke(Method.java:498)
	at org.testng.internal.MethodInvocationHelper.invokeMethod(MethodInvocationHelper.java:85)
	at org.testng.internal.Invoker.invokeConfigurationMethod(Invoker.java:510)
	at org.testng.internal.Invoker.invokeConfigurations(Invoker.java:211)
	at org.testng.internal.Invoker.invokeMethod(Invoker.java:585)
	at org.testng.internal.Invoker.invokeTestMethod(Invoker.java:816)
	at org.testng.internal.Invoker.invokeTestMethods(Invoker.java:1124)
	at org.testng.internal.TestMethodWorker.invokeTestMethods(TestMethodWorker.java:125)
	at org.testng.internal.TestMethodWorker.run(TestMethodWorker.java:108)
	at org.testng.TestRunner.privateRun(TestRunner.java:774)
	at org.testng.TestRunner.run(TestRunner.java:624)
	at org.testng.SuiteRunner.runTest(SuiteRunner.java:359)
	at org.testng.SuiteRunner.runSequentially(SuiteRunner.java:354)
	at org.testng.SuiteRunner.privateRun(SuiteRunner.java:312)
	at org.testng.SuiteRunner.run(SuiteRunner.java:261)
	at org.testng.SuiteRunnerWorker.runSuite(SuiteRunnerWorker.java:52)
	at org.testng.SuiteRunnerWorker.run(SuiteRunnerWorker.java:86)
	at org.testng.TestNG.runSuitesSequentially(TestNG.java:1215)
	at org.testng.TestNG.runSuitesLocally(TestNG.java:1140)
	at org.testng.TestNG.run(TestNG.java:1048)
	at org.testng.TestNG.privateMain(TestNG.java:1355)
	at org.testng.TestNG.main(TestNG.java:1324)
Caused by: org.openqa.selenium.WebDriverException: Unable to convert: {desiredCapabilities=Capabilities [{browserName=chrome, chromeOptions=org.openqa.selenium.chrome.ChromeOptions@1b550c0, version=, platform=ANY}]}
Build info: version: '2.48.1', revision: 'd80083d8f7b0b0319976ef9712f7a2b531abaceb', time: '2015-10-08 14:16:53'
System info: host: 'DELL-PC', ip: '192.168.0.3', os.name: 'Windows 7', os.arch: 'x86', os.version: '6.1', java.version: '1.8.0_101'
Driver info: driver.version: ChromeDriver
	at org.openqa.selenium.remote.BeanToJsonConverter.convert(BeanToJsonConverter.java:69)
	at org.openqa.selenium.remote.http.JsonHttpCommandCodec.encode(JsonHttpCommandCodec.java:218)
	at org.openqa.selenium.remote.HttpCommandExecutor.execute(HttpCommandExecutor.java:139)
	at org.openqa.selenium.remote.service.DriverCommandExecutor.execute(DriverCommandExecutor.java:82)
	at org.openqa.selenium.remote.RemoteWebDriver.execute(RemoteWebDriver.java:620)
	... 32 more
Caused by: org.openqa.selenium.WebDriverException: Unable to convert: {desiredCapabilities=Capabilities [{browserName=chrome, chromeOptions=org.openqa.selenium.chrome.ChromeOptions@1b550c0, version=, platform=ANY}]}
Build info: version: '2.48.1', revision: 'd80083d8f7b0b0319976ef9712f7a2b531abaceb', time: '2015-10-08 14:16:53'
System info: host: 'DELL-PC', ip: '192.168.0.3', os.name: 'Windows 7', os.arch: 'x86', os.version: '6.1', java.version: '1.8.0_101'
Driver info: driver.version: ChromeDriver
	at org.openqa.selenium.remote.BeanToJsonConverter.convertObject(BeanToJsonConverter.java:88)
	at org.openqa.selenium.remote.BeanToJsonConverter.convert(BeanToJsonConverter.java:66)
	... 36 more
Caused by: org.openqa.selenium.WebDriverException: java.lang.reflect.InvocationTargetException
Build info: version: '2.48.1', revision: 'd80083d8f7b0b0319976ef9712f7a2b531abaceb', time: '2015-10-08 14:16:53'
System info: host: 'DELL-PC', ip: '192.168.0.3', os.name: 'Windows 7', os.arch: 'x86', os.version: '6.1', java.version: '1.8.0_101'
Driver info: driver.version: ChromeDriver
	at org.openqa.selenium.remote.BeanToJsonConverter.convertObject(BeanToJsonConverter.java:228)
	at org.openqa.selenium.remote.BeanToJsonConverter.convertObject(BeanToJsonConverter.java:138)
	at org.openqa.selenium.remote.BeanToJsonConverter.convertObject(BeanToJsonConverter.java:184)
	at org.openqa.selenium.remote.BeanToJsonConverter.convertObject(BeanToJsonConverter.java:138)
	at org.openqa.selenium.remote.BeanToJsonConverter.convertObject(BeanToJsonConverter.java:86)
	... 37 more
Caused by: java.lang.reflect.InvocationTargetException
	at sun.reflect.NativeMethodAccessorImpl.invoke0(Native Method)
	at sun.reflect.NativeMethodAccessorImpl.invoke(NativeMethodAccessorImpl.java:62)
	at sun.reflect.DelegatingMethodAccessorImpl.invoke(DelegatingMethodAccessorImpl.java:43)
	at java.lang.reflect.Method.invoke(Method.java:498)
	at org.openqa.selenium.remote.BeanToJsonConverter.convertObject(BeanToJsonConverter.java:213)
	... 41 more
Caused by: java.lang.NoSuchMethodError: com.google.common.collect.ImmutableList.copyOf(Ljava/util/Collection;)Lcom/google/common/collect/ImmutableList;
	at org.openqa.selenium.chrome.ChromeOptions.toJson(ChromeOptions.java:213)
	... 46 more
]]>
            </full-stacktrace>
          </exception> <!-- org.openqa.selenium.remote.UnreachableBrowserException -->
          <reporter-output>
          </reporter-output>
        </test-method> <!-- launch_App -->
        <test-method status="SKIP" signature="InvalidSearch(java.util.Map)[pri:0, instance:testScript.Scenario_Search@1c24521]" name="InvalidSearch" duration-ms="0" started-at="2016-10-02T10:17:16Z" data-provider="InvalidSearch" finished-at="2016-10-02T10:17:16Z">
          <params>
            <param index="0">
              <value>
                <![CDATA[{Searchtext=sdkjf, Execute=Y, Script_id=Invalid_Search, expected=Sorry..'sdkjf' does not match any product on Rediff Books., TCID=TC_08, order=1.0}]]>
              </value>
            </param>
          </params>
          <reporter-output>
          </reporter-output>
        </test-method> <!-- InvalidSearch -->
        <test-method status="SKIP" signature="teardown()[pri:0, instance:testScript.Scenario_Search@1c24521]" name="teardown" is-config="true" duration-ms="0" started-at="2016-10-02T10:17:16Z" finished-at="2016-10-02T10:17:16Z">
          <reporter-output>
          </reporter-output>
        </test-method> <!-- teardown -->
        <test-method status="SKIP" signature="ValidSearch(java.util.Map)[pri:0, instance:testScript.Scenario_Search@1c24521]" name="ValidSearch" duration-ms="0" started-at="2016-10-02T10:17:16Z" data-provider="ValidSearch" finished-at="2016-10-02T10:17:16Z">
          <params>
            <param index="0">
              <value>
                <![CDATA[{Searchtext=Chandler, Execute=Y, Script_id=Valid_Search, expected=234.0, TCID=TC_10, order=1.0}]]>
              </value>
            </param>
          </params>
          <reporter-output>
          </reporter-output>
        </test-method> <!-- ValidSearch -->
        <test-method status="SKIP" signature="launch_App()[pri:0, instance:testScript.Scenario_Search@1c24521]" name="launch_App" is-config="true" duration-ms="0" started-at="2016-10-02T10:17:16Z" finished-at="2016-10-02T10:17:16Z">
          <reporter-output>
          </reporter-output>
        </test-method> <!-- launch_App -->
        <test-method status="SKIP" signature="teardown()[pri:0, instance:testScript.Scenario_Search@1c24521]" name="teardown" is-config="true" duration-ms="0" started-at="2016-10-02T10:17:16Z" finished-at="2016-10-02T10:17:16Z">
          <reporter-output>
          </reporter-output>
        </test-method> <!-- teardown -->
        <test-method status="SKIP" signature="ValidSearch(java.util.Map)[pri:0, instance:testScript.Scenario_Search@1c24521]" name="ValidSearch" duration-ms="0" started-at="2016-10-02T10:17:16Z" data-provider="ValidSearch" finished-at="2016-10-02T10:17:16Z">
          <params>
            <param index="0">
              <value>
                <![CDATA[{Searchtext=ways, Execute=Y, Script_id=Valid_Search, expected=456.0, TCID=TC_09, order=1.0}]]>
              </value>
            </param>
          </params>
          <reporter-output>
          </reporter-output>
        </test-method> <!-- ValidSearch -->
        <test-method status="SKIP" signature="teardown()[pri:0, instance:testScript.Scenario_Search@1c24521]" name="teardown" is-config="true" duration-ms="0" started-at="2016-10-02T10:17:16Z" finished-at="2016-10-02T10:17:16Z">
          <reporter-output>
          </reporter-output>
        </test-method> <!-- teardown -->
        <test-method status="SKIP" signature="launch_App()[pri:0, instance:testScript.Scenario_Search@1c24521]" name="launch_App" is-config="true" duration-ms="0" started-at="2016-10-02T10:17:16Z" finished-at="2016-10-02T10:17:16Z">
          <reporter-output>
          </reporter-output>
        </test-method> <!-- launch_App -->
        <test-method status="SKIP" signature="launch_App()[pri:0, instance:testScript.Scenario_Search@1c24521]" name="launch_App" is-config="true" duration-ms="0" started-at="2016-10-02T10:17:16Z" finished-at="2016-10-02T10:17:16Z">
          <reporter-output>
          </reporter-output>
        </test-method> <!-- launch_App -->
        <test-method status="SKIP" signature="teardown()[pri:0, instance:testScript.Scenario_Search@1c24521]" name="teardown" is-config="true" duration-ms="0" started-at="2016-10-02T10:17:16Z" finished-at="2016-10-02T10:17:16Z">
          <reporter-output>
          </reporter-output>
        </test-method> <!-- teardown -->
        <test-method status="SKIP" signature="ValidSearch(java.util.Map)[pri:0, instance:testScript.Scenario_Search@1c24521]" name="ValidSearch" duration-ms="0" started-at="2016-10-02T10:17:16Z" data-provider="ValidSearch" finished-at="2016-10-02T10:17:16Z">
          <params>
            <param index="0">
              <value>
                <![CDATA[{Searchtext=Jaico, Execute=Y, Script_id=Valid_Search, expected=10.0, TCID=TC_11, order=1.0}]]>
              </value>
            </param>
          </params>
          <reporter-output>
          </reporter-output>
        </test-method> <!-- ValidSearch -->
      </class> <!-- testScript.Scenario_Search -->
    </test> <!-- Test -->
  </suite> <!-- Suite -->
</testng-results>
